2022-04-25 10:09:05

Miing/2022031402.docx #7 : ALIGNMENT > Chinese gloss line has MORE tokens than Original langauge
Miing/2022031402.docx #12: ALIGNMENT > English gloss line has MORE tokens than Original langauge
Miing/2022031402.docx #17: ALIGNMENT > English gloss line has MORE tokens than Original langauge
Miing/2022031402.docx #18: ALIGNMENT > English gloss line has MORE tokens than Original langauge
Miing/2022031402.docx #19: ALIGNMENT > English gloss line has MORE tokens than Original langauge
Miing/2022032101.docx #9 : ALIGNMENT > English gloss line has MORE tokens than Original langauge
Miing/2022032101.docx #10: ALIGNMENT > English gloss line has LESS tokens than Original langauge
Miing/2022032101.docx #10: ALIGNMENT > Chinese gloss line has LESS tokens than Original langauge
Miing/2022032101.docx #11: ALIGNMENT > English gloss line has LESS tokens than Original langauge
Miing/2022032101.docx #11: ALIGNMENT > Chinese gloss line has LESS tokens than Original langauge
Miing/2022032101.docx #14: ALIGNMENT > Chinese gloss line has MORE tokens than Original langauge
Miing/2022041801.docx #__:  invalid DOCX formatting
Miing/2022032801.docx #21: ALIGNMENT > English gloss line has LESS tokens than Original langauge
Miing/2022032801.docx #21: ALIGNMENT > Chinese gloss line has LESS tokens than Original langauge
Miing/2022041802.docx #__:  invalid DOCX formatting
Miing/2022030702.docx #3 : ALIGNMENT > English gloss line has MORE tokens than Original langauge
Miing/2022030702.docx #18: ALIGNMENT > Chinese gloss line has MORE tokens than Original langauge
Miing/2022030702.docx #19: ALIGNMENT > Chinese gloss line has MORE tokens than Original langauge
Miing/2022041101.docx #4 :  invalid GLOSS formatting
Miing/2022031401.docx #7 : ALIGNMENT > Chinese gloss line has MORE tokens than Original langauge
Miing/2022031401.docx #12: ALIGNMENT > English gloss line has MORE tokens than Original langauge
Miing/2022031401.docx #17: ALIGNMENT > English gloss line has MORE tokens than Original langauge
Miing/2022031401.docx #18: ALIGNMENT > English gloss line has MORE tokens than Original langauge
Miing/2022031401.docx #19: ALIGNMENT > English gloss line has MORE tokens than Original langauge
Miing/2022032102.docx #9 : ALIGNMENT > English gloss line has MORE tokens than Original langauge
Miing/2022032102.docx #10: ALIGNMENT > English gloss line has LESS tokens than Original langauge
Miing/2022032102.docx #10: ALIGNMENT > Chinese gloss line has LESS tokens than Original langauge
Miing/2022032102.docx #11: ALIGNMENT > English gloss line has LESS tokens than Original langauge
Miing/2022032102.docx #11: ALIGNMENT > Chinese gloss line has LESS tokens than Original langauge
Miing/2022041102.docx #4 :  invalid GLOSS formatting
Miing/2022030701.docx #3 : ALIGNMENT > English gloss line has MORE tokens than Original langauge
Miing/2022030701.docx #18: ALIGNMENT > Chinese gloss line has MORE tokens than Original langauge
Miing/2022030701.docx #19: ALIGNMENT > Chinese gloss line has MORE tokens than Original langauge
Miing/2022032802.docx #12: ALIGNMENT > English gloss line has MORE tokens than Original langauge
