https://drive.google.com/drive/folders/17-Y7IRBDrZ72Ibu5HirtTGgOZI8Tg74S
    "status": "QUEUED",
  "percentDone": 1,
    "status": "COUNTING",
  "percentDone": 100,
    "status": "SUCCEEDED",
curl: Saved to filename 'takeout-20200503T043842Z-001.zip'
Archive:  takeout-20200503T043842Z-001.zip
  inflating: 2020_Budai_Rukai/Balenge/20200415.docx  
  inflating: 2020_Budai_Rukai/Balenge/20200422.docx  
  inflating: 2020_Budai_Rukai/Lavurase/20200415-elicitation-Budai-Rukai.docx  
  inflating: 2020_Budai_Rukai/Balenge/20200318.docx  
  inflating: 2020_Budai_Rukai/Balenge/20200408.docx  
  inflating: 2020_Budai_Rukai/Lavurase/20200422-elicitation-Budai-Rukai.docx  
  inflating: 2020_Budai_Rukai/Balenge/20200325.docx  
  inflating: 2020_Budai_Rukai/Lavurase/20200408-elicitation-Budai-Rukai.docx  
  inflating: 2020_Budai_Rukai/Lavurase/20200318-elicitation-Budai-Rukai.docx  
  inflating: 2020_Budai_Rukai/Lavurase/20200325-elicitation-Budai-Rukai.docx  
  inflating: 2020_Budai_Rukai/Lavurase/20200429-elicitation-Budai-Rukai.docx  
  inflating: 2020_Budai_Rukai/Lavakaw/20200415-elicitation-Ken-Wang.docx  
  inflating: 2020_Budai_Rukai/Lavakaw/20200318-elicitation-Ken-Wang.docx  
  inflating: 2020_Budai_Rukai/Lavakaw/20200325-elicitation-Ken-Wang.docx  
  inflating: 2020_Budai_Rukai/Kui/20200318.docx  
  inflating: 2020_Budai_Rukai/Lavakaw/20200408-elicitation-Ken-Wang.docx  
  inflating: 2020_Budai_Rukai/Kui/20200325.docx  
  inflating: 2020_Budai_Rukai/Lavakaw/20200422-elicitation-Ken-Wang.docx  
  inflating: 2020_Budai_Rukai/Kui/20200408.docx  
  inflating: 2020_Budai_Rukai/Kui/20200429.docx  
  inflating: 2020_Budai_Rukai/Kui/20200422.docx  
  inflating: 2020_Budai_Rukai/Kui/20200415.docx  
